<?xml version="1.0" encoding="UTF-8"?>
<coverage generated="1730583727208" clover="3.2.0">
  <project timestamp="1730583727208" name="All files">
    <metrics statements="41" coveredstatements="39" conditionals="9" coveredconditionals="9" methods="7" coveredmethods="5" elements="57" coveredelements="53" complexity="0" loc="41" ncloc="41" packages="1" files="2" classes="2"/>
    <file name="index.ts" path="/home/kabs/code/ui-compiler/src/index.ts">
      <metrics statements="1" coveredstatements="0" conditionals="0" coveredconditionals="0" methods="1" coveredmethods="0"/>
      <line num="1" count="0" type="stmt"/>
    </file>
    <file name="lexer.ts" path="/home/kabs/code/ui-compiler/src/lexer.ts">
      <metrics statements="40" coveredstatements="39" conditionals="9" coveredconditionals="9" methods="6" coveredmethods="5"/>
      <line num="1" count="1" type="cond" truecount="2" falsecount="0"/>
      <line num="2" count="1" type="stmt"/>
      <line num="3" count="1" type="stmt"/>
      <line num="4" count="1" type="stmt"/>
      <line num="5" count="1" type="stmt"/>
      <line num="6" count="1" type="stmt"/>
      <line num="15" count="338" type="stmt"/>
      <line num="19" count="248" type="stmt"/>
      <line num="23" count="0" type="stmt"/>
      <line num="27" count="338" type="cond" truecount="2" falsecount="0"/>
      <line num="30" count="1" type="stmt"/>
      <line num="31" count="2" type="stmt"/>
      <line num="32" count="2" type="stmt"/>
      <line num="34" count="2" type="stmt"/>
      <line num="35" count="254" type="stmt"/>
      <line num="37" count="254" type="cond" truecount="1" falsecount="0"/>
      <line num="38" count="2" type="stmt"/>
      <line num="39" count="2" type="stmt"/>
      <line num="40" count="2" type="stmt"/>
      <line num="43" count="252" type="cond" truecount="1" falsecount="0"/>
      <line num="44" count="2" type="stmt"/>
      <line num="45" count="2" type="stmt"/>
      <line num="46" count="2" type="stmt"/>
      <line num="49" count="250" type="cond" truecount="1" falsecount="0"/>
      <line num="50" count="4" type="stmt"/>
      <line num="51" count="4" type="stmt"/>
      <line num="52" count="4" type="stmt"/>
      <line num="55" count="246" type="cond" truecount="1" falsecount="0"/>
      <line num="56" count="4" type="stmt"/>
      <line num="57" count="4" type="stmt"/>
      <line num="58" count="4" type="stmt"/>
      <line num="61" count="242" type="cond" truecount="1" falsecount="0"/>
      <line num="62" count="17" type="stmt"/>
      <line num="63" count="17" type="stmt"/>
      <line num="64" count="79" type="stmt"/>
      <line num="65" count="79" type="stmt"/>
      <line num="67" count="17" type="stmt"/>
      <line num="68" count="17" type="stmt"/>
      <line num="73" count="225" type="stmt"/>
      <line num="76" count="2" type="stmt"/>
    </file>
  </project>
</coverage>
