{"/home/kabs/code/ui-compiler/src/index.ts": {"path":"/home/kabs/code/ui-compiler/src/index.ts","statementMap":{"0":{"start":{"line":1,"column":0},"end":{"line":1,"column":9}},"1":{"start":{"line":1,"column":9},"end":{"line":1,"column":35}}},"fnMap":{"0":{"name":"(anonymous_0)","decl":{"start":{"line":1,"column":9},"end":{"line":1,"column":17}},"loc":{"start":{"line":1,"column":9},"end":{"line":1,"column":35}}}},"branchMap":{},"s":{"0":0,"1":0},"f":{"0":0},"b":{}}
,"/home/kabs/code/ui-compiler/src/lexer.ts": {"path":"/home/kabs/code/ui-compiler/src/lexer.ts","statementMap":{"0":{"start":{"line":30,"column":0},"end":{"line":30,"column":16}},"1":{"start":{"line":1,"column":0},"end":{"line":1,"column":null}},"2":{"start":{"line":2,"column":4},"end":{"line":2,"column":null}},"3":{"start":{"line":3,"column":4},"end":{"line":3,"column":null}},"4":{"start":{"line":4,"column":4},"end":{"line":4,"column":null}},"5":{"start":{"line":5,"column":4},"end":{"line":5,"column":null}},"6":{"start":{"line":6,"column":4},"end":{"line":6,"column":null}},"7":{"start":{"line":15,"column":4},"end":{"line":15,"column":33}},"8":{"start":{"line":19,"column":4},"end":{"line":19,"column":30}},"9":{"start":{"line":23,"column":4},"end":{"line":23,"column":27}},"10":{"start":{"line":27,"column":4},"end":{"line":27,"column":42}},"11":{"start":{"line":31,"column":28},"end":{"line":31,"column":30}},"12":{"start":{"line":32,"column":17},"end":{"line":32,"column":18}},"13":{"start":{"line":34,"column":4},"end":{"line":74,"column":5}},"14":{"start":{"line":35,"column":21},"end":{"line":35,"column":34}},"15":{"start":{"line":37,"column":8},"end":{"line":41,"column":9}},"16":{"start":{"line":38,"column":12},"end":{"line":38,"column":67}},"17":{"start":{"line":39,"column":12},"end":{"line":39,"column":21}},"18":{"start":{"line":40,"column":12},"end":{"line":40,"column":21}},"19":{"start":{"line":43,"column":8},"end":{"line":47,"column":9}},"20":{"start":{"line":44,"column":12},"end":{"line":44,"column":68}},"21":{"start":{"line":45,"column":12},"end":{"line":45,"column":21}},"22":{"start":{"line":46,"column":12},"end":{"line":46,"column":21}},"23":{"start":{"line":49,"column":8},"end":{"line":53,"column":9}},"24":{"start":{"line":50,"column":12},"end":{"line":50,"column":67}},"25":{"start":{"line":51,"column":12},"end":{"line":51,"column":21}},"26":{"start":{"line":52,"column":12},"end":{"line":52,"column":21}},"27":{"start":{"line":55,"column":8},"end":{"line":59,"column":9}},"28":{"start":{"line":56,"column":12},"end":{"line":56,"column":68}},"29":{"start":{"line":57,"column":12},"end":{"line":57,"column":21}},"30":{"start":{"line":58,"column":12},"end":{"line":58,"column":21}},"31":{"start":{"line":61,"column":8},"end":{"line":69,"column":9}},"32":{"start":{"line":62,"column":24},"end":{"line":62,"column":26}},"33":{"start":{"line":63,"column":12},"end":{"line":66,"column":13}},"34":{"start":{"line":64,"column":16},"end":{"line":64,"column":39}},"35":{"start":{"line":65,"column":16},"end":{"line":65,"column":25}},"36":{"start":{"line":67,"column":12},"end":{"line":67,"column":63}},"37":{"start":{"line":68,"column":12},"end":{"line":68,"column":21}},"38":{"start":{"line":73,"column":8},"end":{"line":73,"column":17}},"39":{"start":{"line":76,"column":4},"end":{"line":76,"column":18}}},"fnMap":{"0":{"name":"(anonymous_0)","decl":{"start":{"line":1,"column":0},"end":{"line":1,"column":12}},"loc":{"start":{"line":1,"column":21},"end":{"line":7,"column":1}}},"1":{"name":"isAlpha","decl":{"start":{"line":14,"column":9},"end":{"line":14,"column":16}},"loc":{"start":{"line":14,"column":29},"end":{"line":16,"column":1}}},"2":{"name":"isDigit","decl":{"start":{"line":18,"column":9},"end":{"line":18,"column":16}},"loc":{"start":{"line":18,"column":29},"end":{"line":20,"column":1}}},"3":{"name":"isSkippable","decl":{"start":{"line":22,"column":9},"end":{"line":22,"column":20}},"loc":{"start":{"line":22,"column":33},"end":{"line":24,"column":1}}},"4":{"name":"isAlphaNumeric","decl":{"start":{"line":26,"column":9},"end":{"line":26,"column":23}},"loc":{"start":{"line":26,"column":36},"end":{"line":28,"column":1}}},"5":{"name":"tokenize","decl":{"start":{"line":30,"column":16},"end":{"line":30,"column":24}},"loc":{"start":{"line":30,"column":38},"end":{"line":77,"column":1}}}},"branchMap":{"0":{"loc":{"start":{"line":1,"column":12},"end":{"line":1,"column":null}},"type":"binary-expr","locations":[{"start":{"line":1,"column":12},"end":{"line":1,"column":21}},{"start":{"line":1,"column":21},"end":{"line":1,"column":null}}]},"1":{"loc":{"start":{"line":27,"column":11},"end":{"line":27,"column":41}},"type":"binary-expr","locations":[{"start":{"line":27,"column":11},"end":{"line":27,"column":24}},{"start":{"line":27,"column":28},"end":{"line":27,"column":41}}]},"2":{"loc":{"start":{"line":37,"column":8},"end":{"line":41,"column":9}},"type":"if","locations":[{"start":{"line":37,"column":8},"end":{"line":41,"column":9}}]},"3":{"loc":{"start":{"line":43,"column":8},"end":{"line":47,"column":9}},"type":"if","locations":[{"start":{"line":43,"column":8},"end":{"line":47,"column":9}}]},"4":{"loc":{"start":{"line":49,"column":8},"end":{"line":53,"column":9}},"type":"if","locations":[{"start":{"line":49,"column":8},"end":{"line":53,"column":9}}]},"5":{"loc":{"start":{"line":55,"column":8},"end":{"line":59,"column":9}},"type":"if","locations":[{"start":{"line":55,"column":8},"end":{"line":59,"column":9}}]},"6":{"loc":{"start":{"line":61,"column":8},"end":{"line":69,"column":9}},"type":"if","locations":[{"start":{"line":61,"column":8},"end":{"line":69,"column":9}}]}},"s":{"0":1,"1":1,"2":1,"3":1,"4":1,"5":1,"6":1,"7":338,"8":248,"9":0,"10":338,"11":2,"12":2,"13":2,"14":254,"15":254,"16":2,"17":2,"18":2,"19":252,"20":2,"21":2,"22":2,"23":250,"24":4,"25":4,"26":4,"27":246,"28":4,"29":4,"30":4,"31":242,"32":17,"33":17,"34":79,"35":79,"36":17,"37":17,"38":225,"39":2},"f":{"0":1,"1":338,"2":248,"3":0,"4":338,"5":2},"b":{"0":[1,1],"1":[338,248],"2":[2],"3":[2],"4":[4],"5":[4],"6":[17]}}
}
