TN:
SF:src/index.ts
FN:1,(anonymous_0)
FNF:1
FNH:0
FNDA:0,(anonymous_0)
DA:1,0
LF:1
LH:0
BRF:0
BRH:0
end_of_record
TN:
SF:src/lexer.ts
FN:1,(anonymous_0)
FN:14,isAlpha
FN:18,isDigit
FN:22,isSkippable
FN:26,isAlphaNumeric
FN:30,tokenize
FNF:6
FNH:5
FNDA:1,(anonymous_0)
FNDA:338,isAlpha
FNDA:248,isDigit
FNDA:0,isSkippable
FNDA:338,isAlphaNumeric
FNDA:2,tokenize
DA:1,1
DA:2,1
DA:3,1
DA:4,1
DA:5,1
DA:6,1
DA:15,338
DA:19,248
DA:23,0
DA:27,338
DA:30,1
DA:31,2
DA:32,2
DA:34,2
DA:35,254
DA:37,254
DA:38,2
DA:39,2
DA:40,2
DA:43,252
DA:44,2
DA:45,2
DA:46,2
DA:49,250
DA:50,4
DA:51,4
DA:52,4
DA:55,246
DA:56,4
DA:57,4
DA:58,4
DA:61,242
DA:62,17
DA:63,17
DA:64,79
DA:65,79
DA:67,17
DA:68,17
DA:73,225
DA:76,2
LF:40
LH:39
BRDA:1,0,0,1
BRDA:1,0,1,1
BRDA:27,1,0,338
BRDA:27,1,1,248
BRDA:37,2,0,2
BRDA:43,3,0,2
BRDA:49,4,0,4
BRDA:55,5,0,4
BRDA:61,6,0,17
BRF:9
BRH:9
end_of_record
